<?xml version="1.0" encoding="UTF-8"?>
<!-- Generated by org.testng.reporters.JUnitReportReporter -->
<testsuite hostname="podobreeva" failures="0" tests="2" name="regressionsuite.TestNG_Preserve1" time="0.007" errors="0" timestamp="21 февр. 2020 13:30:00 GMT" skipped="0">
  <testcase classname="regressionsuite.TestNG_Preserve1" name="monitor1Test" time="0.005"/>
  <testcase classname="regressionsuite.TestNG_Preserve1" name="monitor2Test" time="0.002"/>
</testsuite> <!-- regressionsuite.TestNG_Preserve1 -->
