<?xml version="1.0" encoding="UTF-8"?>
<!-- Generated by org.testng.reporters.JUnitReportReporter -->
<testsuite hostname="podobreeva" failures="0" tests="5" name="regressionsuite.TestNG_DependentTests" time="0.017" errors="0" timestamp="21 февр. 2020 06:59:02 GMT" skipped="0">
  <testcase classname="regressionsuite.TestNG_DependentTests" name="monitor5Test" time="0.002"/>
  <testcase classname="regressionsuite.TestNG_DependentTests" name="monitor3Test" time="0.001"/>
  <testcase classname="regressionsuite.TestNG_DependentTests" name="monitor2Test" time="0.010"/>
  <testcase classname="regressionsuite.TestNG_DependentTests" name="monitor4Test" time="0.002"/>
  <testcase classname="regressionsuite.TestNG_DependentTests" name="monitor1Test" time="0.002"/>
</testsuite> <!-- regressionsuite.TestNG_DependentTests -->
