<?xml version="1.0" encoding="UTF-8"?>
<!-- Generated by org.testng.reporters.JUnitReportReporter -->
<testsuite hostname="podobreeva" failures="0" tests="2" name="regressionsuite.TestNG_ReportsAndLogs" time="0.024" errors="0" timestamp="04 мар. 2020 13:51:13 GMT" skipped="0">
  <testcase classname="regressionsuite.TestNG_ReportsAndLogs" name="testMethod1" time="0.020"/>
  <testcase classname="regressionsuite.TestNG_ReportsAndLogs" name="testMethod2" time="0.004"/>
</testsuite> <!-- regressionsuite.TestNG_ReportsAndLogs -->
