<?xml version="1.0" encoding="UTF-8"?>
<!-- Generated by org.testng.reporters.JUnitReportReporter -->
<testsuite hostname="podobreeva" failures="0" tests="2" name="regressionsuite.TestNG_Preserve2" time="0.022" errors="0" timestamp="21 февр. 2020 13:30:00 GMT" skipped="0">
  <testcase classname="regressionsuite.TestNG_Preserve2" name="monitor3Test" time="0.019"/>
  <testcase classname="regressionsuite.TestNG_Preserve2" name="monitor4Test" time="0.003"/>
</testsuite> <!-- regressionsuite.TestNG_Preserve2 -->
