<?xml version="1.0" encoding="UTF-8"?>
<!-- Generated by org.testng.reporters.JUnitReportReporter -->
<testsuite hostname="podobreeva" failures="0" tests="2" name="regressionsuite.NewTestGrooping" time="0.018" errors="0" timestamp="21 февр. 2020 06:42:59 GMT" skipped="0">
  <testcase classname="regressionsuite.NewTestGrooping" name="monitor2Test" time="0.006"/>
  <testcase classname="regressionsuite.NewTestGrooping" name="monitor1Test" time="0.012"/>
</testsuite> <!-- regressionsuite.NewTestGrooping -->
