<?xml version="1.0" encoding="UTF-8"?>
<!-- Generated by org.testng.reporters.JUnitReportReporter -->
<testsuite hostname="podobreeva" failures="0" tests="4" name="regressionsuite.TestNG_EnableTimeout" time="0.052" errors="0" timestamp="21 февр. 2020 12:10:34 GMT" skipped="1">
  <testcase classname="regressionsuite.TestNG_EnableTimeout" name="monitor3Test" time="0.002"/>
  <testcase classname="regressionsuite.TestNG_EnableTimeout" name="monitor4Test" time="0.001"/>
  <testcase classname="regressionsuite.TestNG_EnableTimeout" name="monitor2Test" time="0.049"/>
  <testcase classname="regressionsuite.TestNG_EnableTimeout" name="monitor1Test">
    <skipped/>
  </testcase> <!-- monitor1Test -->
</testsuite> <!-- regressionsuite.TestNG_EnableTimeout -->
