<?xml version="1.0" encoding="UTF-8"?>
<!-- Generated by org.testng.reporters.JUnitReportReporter -->
<testsuite hostname="podobreeva" failures="0" tests="3" name="regressionsuite.NewTest" time="0.016" errors="0" timestamp="20 февр. 2020 06:40:42 GMT" skipped="0">
  <testcase classname="regressionsuite.NewTest" name="monitorMainIconExistenceTest" time="0.013"/>
  <testcase classname="regressionsuite.NewTest" name="monitorClickLinkMenuFooterTest" time="0.002"/>
  <testcase classname="regressionsuite.NewTest" name="monitorLinkMenuFooterTest" time="0.001"/>
</testsuite> <!-- regressionsuite.NewTest -->
