<?xml version="1.0" encoding="UTF-8"?>
<!-- Generated by org.testng.reporters.JUnitReportReporter -->
<testsuite hostname="podobreeva" failures="0" tests="1" name="regressionsuite.TestNG_TestParameters" time="0.013" errors="0" timestamp="25 февр. 2020 07:08:08 GMT" skipped="0">
  <testcase classname="regressionsuite.TestNG_TestParameters" name="monitor1Test" time="0.013"/>
</testsuite> <!-- regressionsuite.TestNG_TestParameters -->
