<?xml version="1.0" encoding="UTF-8"?>
<!-- Generated by org.testng.reporters.JUnitReportReporter -->
<testsuite hostname="podobreeva" failures="0" tests="2" name="regressionsuite.TestNG_TestParallel2" time="12.029" errors="0" timestamp="25 февр. 2020 11:52:26 GMT" skipped="0">
  <testcase classname="regressionsuite.TestNG_TestParallel2" name="monitor1Test" time="6.026"/>
  <testcase classname="regressionsuite.TestNG_TestParallel2" name="monitor2Test" time="6.003"/>
</testsuite> <!-- regressionsuite.TestNG_TestParallel2 -->
