<?xml version="1.0" encoding="UTF-8"?>
<!-- Generated by org.testng.reporters.JUnitReportReporter -->
<testsuite hostname="podobreeva" failures="0" tests="3" name="regressionsuite.TestNG_DataProviders" time="0.021" errors="0" timestamp="26 февр. 2020 14:07:02 GMT" skipped="0">
  <testcase classname="regressionsuite.TestNG_DataProviders" name="testMethod1" time="0.003"/>
  <testcase classname="regressionsuite.TestNG_DataProviders" name="testMethod1" time="0.015"/>
  <testcase classname="regressionsuite.TestNG_DataProviders" name="testMethod1" time="0.003"/>
</testsuite> <!-- regressionsuite.TestNG_DataProviders -->
